<?xml version="1.0" encoding="UTF-8"?>
<testng-results ignored="0" total="1" passed="1" failed="0" skipped="0">
  <reporter-output>
  </reporter-output>
  <suite started-at="2023-04-20T16:24:42 EDT" name="Default suite" finished-at="2023-04-20T16:24:56 EDT" duration-ms="14104">
    <groups>
    </groups>
    <test started-at="2023-04-20T16:24:42 EDT" name="Default test" finished-at="2023-04-20T16:24:56 EDT" duration-ms="14104">
      <class name="Tests.AutosuggestiveTest">
        <test-method is-config="true" signature="BrowserLaunch()[pri:0, instance:Tests.AutosuggestiveTest@fa49800]" started-at="2023-04-20T16:24:42 EDT" name="BrowserLaunch" finished-at="2023-04-20T16:24:49 EDT" duration-ms="7061" status="PASS">
          <reporter-output>
          </reporter-output>
        </test-method> <!-- BrowserLaunch -->
        <test-method signature="AutoSuggestion()[pri:0, instance:Tests.AutosuggestiveTest@fa49800]" started-at="2023-04-20T16:24:49 EDT" name="AutoSuggestion" finished-at="2023-04-20T16:24:56 EDT" duration-ms="6804" status="PASS">
          <reporter-output>
          </reporter-output>
        </test-method> <!-- AutoSuggestion -->
        <test-method is-config="true" signature="CloseBrowser()[pri:0, instance:Tests.AutosuggestiveTest@fa49800]" started-at="2023-04-20T16:24:56 EDT" name="CloseBrowser" finished-at="2023-04-20T16:24:56 EDT" duration-ms="172" status="PASS">
          <reporter-output>
          </reporter-output>
        </test-method> <!-- CloseBrowser -->
      </class> <!-- Tests.AutosuggestiveTest -->
    </test> <!-- Default test -->
  </suite> <!-- Default suite -->
</testng-results>
